<?xml version="1.0" encoding="UTF-8"?>
<!-- Generated by org.testng.reporters.JUnitReportReporter -->
<testsuite hostname="DESKTOP-NJ7HIPC" failures="0" tests="1" name="BIG_W.sample" time="15.812" errors="0" timestamp="2024-08-16T17:34:43 IST" skipped="0">
  <testcase classname="BIG_W.sample" name="run" time="15.812"/>
  <system-out/>
</testsuite> <!-- BIG_W.sample -->
